TN:
SF:app.js
FN:34,validateProduct
FNF:1
FNH:1
FNDA:3,validateProduct
DA:1,1
DA:2,1
DA:3,1
DA:4,1
DA:5,1
DA:6,1
DA:7,1
DA:8,1
DA:9,1
DA:10,1
DA:11,1
DA:12,1
DA:13,1
DA:14,1
DA:15,1
DA:16,1
DA:17,1
DA:18,1
DA:19,1
DA:20,1
DA:21,1
DA:22,0
DA:23,1
DA:24,1
DA:25,1
DA:26,1
DA:27,1
DA:28,1
DA:29,1
DA:30,1
DA:31,1
DA:32,1
DA:33,1
DA:34,1
DA:35,3
DA:36,3
DA:37,3
DA:38,2
DA:39,2
DA:40,2
DA:41,3
DA:42,3
DA:43,3
DA:44,2
DA:45,3
DA:46,3
DA:47,2
DA:48,3
DA:49,1
DA:50,1
DA:51,3
DA:52,1
DA:53,1
DA:54,3
DA:55,3
DA:56,3
DA:57,1
DA:58,1
DA:59,1
DA:60,1
DA:61,1
DA:62,1
DA:63,0
DA:64,0
DA:65,0
DA:66,0
DA:67,1
DA:68,1
DA:69,1
DA:70,1
DA:71,1
DA:72,1
DA:73,1
DA:74,1
DA:75,1
DA:76,1
DA:77,1
DA:78,1
DA:79,1
DA:80,1
DA:81,1
DA:82,1
DA:83,1
DA:84,1
DA:85,1
DA:86,1
DA:87,1
DA:88,1
DA:89,0
DA:90,0
DA:91,0
DA:92,1
DA:93,1
DA:94,1
DA:95,0
DA:96,0
DA:97,0
DA:98,0
DA:99,0
DA:100,1
DA:101,1
DA:102,1
DA:103,1
DA:104,1
DA:105,1
DA:106,1
LF:106
LH:93
BRDA:18,0,0,1
BRDA:34,1,0,3
BRDA:38,2,0,2
BRDA:41,3,0,1
BRDA:44,4,0,2
BRDA:45,5,0,1
BRDA:46,6,0,2
BRDA:46,7,0,2
BRDA:48,8,0,1
BRDA:53,9,0,3
BRDA:69,10,0,1
BRDA:73,11,0,1
BRDA:79,12,0,1
BRDA:82,13,0,1
BRDA:102,14,0,1
BRF:15
BRH:15
end_of_record
